Determining if the pthread_create exist failed with the following output:
Change Dir: /home/cyrus/Desktop/robotics/Client/CMakeFiles/CMakeTmp

Run Build Command:"/usr/bin/make" "cmTC_85987/fast"
/usr/bin/make -f CMakeFiles/cmTC_85987.dir/build.make CMakeFiles/cmTC_85987.dir/build
make[1]: Entering directory '/home/cyrus/Desktop/robotics/Client/CMakeFiles/CMakeTmp'
Building C object CMakeFiles/cmTC_85987.dir/CheckSymbolExists.c.o
/usr/bin/cc     -o CMakeFiles/cmTC_85987.dir/CheckSymbolExists.c.o   -c /home/cyrus/Desktop/robotics/Client/CMakeFiles/CMakeTmp/CheckSymbolExists.c
Linking C executable cmTC_85987
/usr/bin/cmake -E cmake_link_script CMakeFiles/cmTC_85987.dir/link.txt --verbose=1
/usr/bin/cc       CMakeFiles/cmTC_85987.dir/CheckSymbolExists.c.o  -o cmTC_85987 -rdynamic 
CMakeFiles/cmTC_85987.dir/CheckSymbolExists.c.o: In function `main':
CheckSymbolExists.c:(.text+0x16): undefined reference to `pthread_create'
collect2: error: ld returned 1 exit status
CMakeFiles/cmTC_85987.dir/build.make:97: recipe for target 'cmTC_85987' failed
make[1]: *** [cmTC_85987] Error 1
make[1]: Leaving directory '/home/cyrus/Desktop/robotics/Client/CMakeFiles/CMakeTmp'
Makefile:126: recipe for target 'cmTC_85987/fast' failed
make: *** [cmTC_85987/fast] Error 2

File /home/cyrus/Desktop/robotics/Client/CMakeFiles/CMakeTmp/CheckSymbolExists.c:
/* */
#include <pthread.h>

int main(int argc, char** argv)
{
  (void)argv;
#ifndef pthread_create
  return ((int*)(&pthread_create))[argc];
#else
  (void)argc;
  return 0;
#endif
}

Determining if the function pthread_create exists in the pthreads failed with the following output:
Change Dir: /home/cyrus/Desktop/robotics/Client/CMakeFiles/CMakeTmp

Run Build Command:"/usr/bin/make" "cmTC_54d1e/fast"
/usr/bin/make -f CMakeFiles/cmTC_54d1e.dir/build.make CMakeFiles/cmTC_54d1e.dir/build
make[1]: Entering directory '/home/cyrus/Desktop/robotics/Client/CMakeFiles/CMakeTmp'
Building C object CMakeFiles/cmTC_54d1e.dir/CheckFunctionExists.c.o
/usr/bin/cc    -DCHECK_FUNCTION_EXISTS=pthread_create   -o CMakeFiles/cmTC_54d1e.dir/CheckFunctionExists.c.o   -c /usr/share/cmake-3.5/Modules/CheckFunctionExists.c
Linking C executable cmTC_54d1e
/usr/bin/cmake -E cmake_link_script CMakeFiles/cmTC_54d1e.dir/link.txt --verbose=1
/usr/bin/cc   -DCHECK_FUNCTION_EXISTS=pthread_create    CMakeFiles/cmTC_54d1e.dir/CheckFunctionExists.c.o  -o cmTC_54d1e -rdynamic -lpthreads 
/usr/bin/ld: cannot find -lpthreads
collect2: error: ld returned 1 exit status
CMakeFiles/cmTC_54d1e.dir/build.make:97: recipe for target 'cmTC_54d1e' failed
make[1]: *** [cmTC_54d1e] Error 1
make[1]: Leaving directory '/home/cyrus/Desktop/robotics/Client/CMakeFiles/CMakeTmp'
Makefile:126: recipe for target 'cmTC_54d1e/fast' failed
make: *** [cmTC_54d1e/fast] Error 2


Compiling the CXX compiler identification source file "CMakeCXXCompilerId.cpp" failed.
Compiler: /usr/bin/c++ 
Build flags: 
Id flags:  

The output was:
No such file or directory


Compiling the CXX compiler identification source file "CMakeCXXCompilerId.cpp" failed.
Compiler: /usr/bin/c++ 
Build flags: 
Id flags: -c 

The output was:
No such file or directory


Compiling the CXX compiler identification source file "CMakeCXXCompilerId.cpp" failed.
Compiler: /usr/bin/c++ 
Build flags: 
Id flags:  

The output was:
No such file or directory


Compiling the CXX compiler identification source file "CMakeCXXCompilerId.cpp" failed.
Compiler: /usr/bin/c++ 
Build flags: 
Id flags: -c 

The output was:
No such file or directory


Checking whether the CXX compiler is IAR using "" did not match "IAR .+ Compiler":
Checking whether the CXX compiler is IAR using "" did not match "IAR .+ Compiler":
Compiling the CXX compiler identification source file "CMakeCXXCompilerId.cpp" failed.
Compiler: /usr/bin/c++ 
Build flags: 
Id flags:  

The output was:
No such file or directory


Compiling the CXX compiler identification source file "CMakeCXXCompilerId.cpp" failed.
Compiler: /usr/bin/c++ 
Build flags: 
Id flags: -c 

The output was:
No such file or directory


Compiling the CXX compiler identification source file "CMakeCXXCompilerId.cpp" failed.
Compiler: /usr/bin/c++ 
Build flags: 
Id flags:  

The output was:
No such file or directory


Compiling the CXX compiler identification source file "CMakeCXXCompilerId.cpp" failed.
Compiler: /usr/bin/c++ 
Build flags: 
Id flags: -c 

The output was:
No such file or directory


Checking whether the CXX compiler is IAR using "" did not match "IAR .+ Compiler":
Checking whether the CXX compiler is IAR using "" did not match "IAR .+ Compiler":
Compiling the CXX compiler identification source file "CMakeCXXCompilerId.cpp" failed.
Compiler: CMAKE_CXX_COMPILER-NOTFOUND 
Build flags: 
Id flags:  

The output was:
No such file or directory


Compiling the CXX compiler identification source file "CMakeCXXCompilerId.cpp" failed.
Compiler: CMAKE_CXX_COMPILER-NOTFOUND 
Build flags: 
Id flags: -c 

The output was:
No such file or directory


Compiling the CXX compiler identification source file "CMakeCXXCompilerId.cpp" failed.
Compiler: CMAKE_CXX_COMPILER-NOTFOUND 
Build flags: 
Id flags:  

The output was:
No such file or directory


Compiling the CXX compiler identification source file "CMakeCXXCompilerId.cpp" failed.
Compiler: CMAKE_CXX_COMPILER-NOTFOUND 
Build flags: 
Id flags: -c 

The output was:
No such file or directory


Determining if the pthread_create exist failed with the following output:
Change Dir: /home/cyrus/Desktop/robotics/Client/CMakeFiles/CMakeTmp

Run Build Command:"/usr/bin/make" "cmTC_7b21d/fast"
/usr/bin/make -f CMakeFiles/cmTC_7b21d.dir/build.make CMakeFiles/cmTC_7b21d.dir/build
make[1]: Entering directory '/home/cyrus/Desktop/robotics/Client/CMakeFiles/CMakeTmp'
Building C object CMakeFiles/cmTC_7b21d.dir/CheckSymbolExists.c.o
/usr/bin/cc    -o CMakeFiles/cmTC_7b21d.dir/CheckSymbolExists.c.o   -c /home/cyrus/Desktop/robotics/Client/CMakeFiles/CMakeTmp/CheckSymbolExists.c
Linking C executable cmTC_7b21d
/usr/bin/cmake -E cmake_link_script CMakeFiles/cmTC_7b21d.dir/link.txt --verbose=1
/usr/bin/cc      -rdynamic CMakeFiles/cmTC_7b21d.dir/CheckSymbolExists.c.o  -o cmTC_7b21d 
CMakeFiles/cmTC_7b21d.dir/CheckSymbolExists.c.o: In function `main':
CheckSymbolExists.c:(.text+0x1b): undefined reference to `pthread_create'
collect2: error: ld returned 1 exit status
CMakeFiles/cmTC_7b21d.dir/build.make:97: recipe for target 'cmTC_7b21d' failed
make[1]: *** [cmTC_7b21d] Error 1
make[1]: Leaving directory '/home/cyrus/Desktop/robotics/Client/CMakeFiles/CMakeTmp'
Makefile:126: recipe for target 'cmTC_7b21d/fast' failed
make: *** [cmTC_7b21d/fast] Error 2

File /home/cyrus/Desktop/robotics/Client/CMakeFiles/CMakeTmp/CheckSymbolExists.c:
/* */
#include <pthread.h>

int main(int argc, char** argv)
{
  (void)argv;
#ifndef pthread_create
  return ((int*)(&pthread_create))[argc];
#else
  (void)argc;
  return 0;
#endif
}

Determining if the function pthread_create exists in the pthreads failed with the following output:
Change Dir: /home/cyrus/Desktop/robotics/Client/CMakeFiles/CMakeTmp

Run Build Command:"/usr/bin/make" "cmTC_1783e/fast"
/usr/bin/make -f CMakeFiles/cmTC_1783e.dir/build.make CMakeFiles/cmTC_1783e.dir/build
make[1]: Entering directory '/home/cyrus/Desktop/robotics/Client/CMakeFiles/CMakeTmp'
Building C object CMakeFiles/cmTC_1783e.dir/CheckFunctionExists.c.o
/usr/bin/cc   -DCHECK_FUNCTION_EXISTS=pthread_create   -o CMakeFiles/cmTC_1783e.dir/CheckFunctionExists.c.o   -c /usr/share/cmake-3.9/Modules/CheckFunctionExists.c
Linking C executable cmTC_1783e
/usr/bin/cmake -E cmake_link_script CMakeFiles/cmTC_1783e.dir/link.txt --verbose=1
/usr/bin/cc  -DCHECK_FUNCTION_EXISTS=pthread_create    -rdynamic CMakeFiles/cmTC_1783e.dir/CheckFunctionExists.c.o  -o cmTC_1783e -lpthreads 
/usr/bin/ld: cannot find -lpthreads
collect2: error: ld returned 1 exit status
CMakeFiles/cmTC_1783e.dir/build.make:97: recipe for target 'cmTC_1783e' failed
make[1]: *** [cmTC_1783e] Error 1
make[1]: Leaving directory '/home/cyrus/Desktop/robotics/Client/CMakeFiles/CMakeTmp'
Makefile:126: recipe for target 'cmTC_1783e/fast' failed
make: *** [cmTC_1783e/fast] Error 2


Determining if the pthread_create exist failed with the following output:
Change Dir: /home/cyrus/GitHub/Client/CMakeFiles/CMakeTmp

Run Build Command:"/usr/bin/make" "cmTC_11899/fast"
/usr/bin/make -f CMakeFiles/cmTC_11899.dir/build.make CMakeFiles/cmTC_11899.dir/build
make[1]: Entering directory '/home/cyrus/GitHub/Client/CMakeFiles/CMakeTmp'
Building C object CMakeFiles/cmTC_11899.dir/CheckSymbolExists.c.o
/usr/bin/cc    -o CMakeFiles/cmTC_11899.dir/CheckSymbolExists.c.o   -c /home/cyrus/GitHub/Client/CMakeFiles/CMakeTmp/CheckSymbolExists.c
Linking C executable cmTC_11899
/usr/bin/cmake -E cmake_link_script CMakeFiles/cmTC_11899.dir/link.txt --verbose=1
/usr/bin/cc      -rdynamic CMakeFiles/cmTC_11899.dir/CheckSymbolExists.c.o  -o cmTC_11899 
CMakeFiles/cmTC_11899.dir/CheckSymbolExists.c.o: In function `main':
CheckSymbolExists.c:(.text+0x1b): undefined reference to `pthread_create'
collect2: error: ld returned 1 exit status
CMakeFiles/cmTC_11899.dir/build.make:97: recipe for target 'cmTC_11899' failed
make[1]: *** [cmTC_11899] Error 1
make[1]: Leaving directory '/home/cyrus/GitHub/Client/CMakeFiles/CMakeTmp'
Makefile:126: recipe for target 'cmTC_11899/fast' failed
make: *** [cmTC_11899/fast] Error 2

File /home/cyrus/GitHub/Client/CMakeFiles/CMakeTmp/CheckSymbolExists.c:
/* */
#include <pthread.h>

int main(int argc, char** argv)
{
  (void)argv;
#ifndef pthread_create
  return ((int*)(&pthread_create))[argc];
#else
  (void)argc;
  return 0;
#endif
}

Determining if the function pthread_create exists in the pthreads failed with the following output:
Change Dir: /home/cyrus/GitHub/Client/CMakeFiles/CMakeTmp

Run Build Command:"/usr/bin/make" "cmTC_2f92c/fast"
/usr/bin/make -f CMakeFiles/cmTC_2f92c.dir/build.make CMakeFiles/cmTC_2f92c.dir/build
make[1]: Entering directory '/home/cyrus/GitHub/Client/CMakeFiles/CMakeTmp'
Building C object CMakeFiles/cmTC_2f92c.dir/CheckFunctionExists.c.o
/usr/bin/cc   -DCHECK_FUNCTION_EXISTS=pthread_create   -o CMakeFiles/cmTC_2f92c.dir/CheckFunctionExists.c.o   -c /usr/share/cmake-3.9/Modules/CheckFunctionExists.c
Linking C executable cmTC_2f92c
/usr/bin/cmake -E cmake_link_script CMakeFiles/cmTC_2f92c.dir/link.txt --verbose=1
/usr/bin/cc  -DCHECK_FUNCTION_EXISTS=pthread_create    -rdynamic CMakeFiles/cmTC_2f92c.dir/CheckFunctionExists.c.o  -o cmTC_2f92c -lpthreads 
/usr/bin/ld: cannot find -lpthreads
collect2: error: ld returned 1 exit status
CMakeFiles/cmTC_2f92c.dir/build.make:97: recipe for target 'cmTC_2f92c' failed
make[1]: *** [cmTC_2f92c] Error 1
make[1]: Leaving directory '/home/cyrus/GitHub/Client/CMakeFiles/CMakeTmp'
Makefile:126: recipe for target 'cmTC_2f92c/fast' failed
make: *** [cmTC_2f92c/fast] Error 2


Determining if the pthread_create exist failed with the following output:
Change Dir: /home/cyrus/GitHub/Client/CMakeFiles/CMakeTmp

Run Build Command:"/usr/bin/make" "cmTC_46ba7/fast"
/usr/bin/make -f CMakeFiles/cmTC_46ba7.dir/build.make CMakeFiles/cmTC_46ba7.dir/build
make[1]: Entering directory '/home/cyrus/GitHub/Client/CMakeFiles/CMakeTmp'
Building C object CMakeFiles/cmTC_46ba7.dir/CheckSymbolExists.c.o
/usr/bin/cc    -o CMakeFiles/cmTC_46ba7.dir/CheckSymbolExists.c.o   -c /home/cyrus/GitHub/Client/CMakeFiles/CMakeTmp/CheckSymbolExists.c
Linking C executable cmTC_46ba7
/usr/bin/cmake -E cmake_link_script CMakeFiles/cmTC_46ba7.dir/link.txt --verbose=1
/usr/bin/cc      -rdynamic CMakeFiles/cmTC_46ba7.dir/CheckSymbolExists.c.o  -o cmTC_46ba7 
CMakeFiles/cmTC_46ba7.dir/CheckSymbolExists.c.o: In function `main':
CheckSymbolExists.c:(.text+0x1b): undefined reference to `pthread_create'
collect2: error: ld returned 1 exit status
CMakeFiles/cmTC_46ba7.dir/build.make:97: recipe for target 'cmTC_46ba7' failed
make[1]: *** [cmTC_46ba7] Error 1
make[1]: Leaving directory '/home/cyrus/GitHub/Client/CMakeFiles/CMakeTmp'
Makefile:126: recipe for target 'cmTC_46ba7/fast' failed
make: *** [cmTC_46ba7/fast] Error 2

File /home/cyrus/GitHub/Client/CMakeFiles/CMakeTmp/CheckSymbolExists.c:
/* */
#include <pthread.h>

int main(int argc, char** argv)
{
  (void)argv;
#ifndef pthread_create
  return ((int*)(&pthread_create))[argc];
#else
  (void)argc;
  return 0;
#endif
}

Determining if the function pthread_create exists in the pthreads failed with the following output:
Change Dir: /home/cyrus/GitHub/Client/CMakeFiles/CMakeTmp

Run Build Command:"/usr/bin/make" "cmTC_58cda/fast"
/usr/bin/make -f CMakeFiles/cmTC_58cda.dir/build.make CMakeFiles/cmTC_58cda.dir/build
make[1]: Entering directory '/home/cyrus/GitHub/Client/CMakeFiles/CMakeTmp'
Building C object CMakeFiles/cmTC_58cda.dir/CheckFunctionExists.c.o
/usr/bin/cc   -DCHECK_FUNCTION_EXISTS=pthread_create   -o CMakeFiles/cmTC_58cda.dir/CheckFunctionExists.c.o   -c /usr/share/cmake-3.9/Modules/CheckFunctionExists.c
Linking C executable cmTC_58cda
/usr/bin/cmake -E cmake_link_script CMakeFiles/cmTC_58cda.dir/link.txt --verbose=1
/usr/bin/cc  -DCHECK_FUNCTION_EXISTS=pthread_create    -rdynamic CMakeFiles/cmTC_58cda.dir/CheckFunctionExists.c.o  -o cmTC_58cda -lpthreads 
/usr/bin/ld: cannot find -lpthreads
collect2: error: ld returned 1 exit status
CMakeFiles/cmTC_58cda.dir/build.make:97: recipe for target 'cmTC_58cda' failed
make[1]: *** [cmTC_58cda] Error 1
make[1]: Leaving directory '/home/cyrus/GitHub/Client/CMakeFiles/CMakeTmp'
Makefile:126: recipe for target 'cmTC_58cda/fast' failed
make: *** [cmTC_58cda/fast] Error 2


